age-gender-recognition-retail-0013
emotions-recognition-retail-0003
face-detection-adas-0001
face-detection-retail-0004
face-reidentification-retail-0095
facial-landmarks-35-adas-0002
head-pose-estimation-adas-0001
human-pose-estimation-0001
landmarks-regression-retail-0009
license-plate-recognition-barrier-0001
pedestrian-and-vehicle-detector-adas-0001
pedestrian-detection-adas-0002
person-attributes-recognition-crossroad-0230
person-detection-retail-0002
person-detection-retail-0013
person-reidentification-retail-0031
person-reidentification-retail-0076
person-reidentification-retail-0079
person-vehicle-bike-detection-crossroad-0078
vehicle-attributes-recognition-barrier-0039
vehicle-detection-adas-0002
vehicle-license-plate-detection-barrier-0106