face-detection-adas-0001
age-gender-recognition-retail-0013
emotions-recognition-retail-0003
landmarks-regression-retail-0009
facial-landmarks-35-adas-0002
person-vehicle-bike-detection-2004
person-attributes-recognition-crossroad-0230
vehicle-attributes-recognition-barrier-0039
head-pose-estimation-adas-0001
human-pose-estimation-0001
aclnet
action-recognition-0001-encoder
action-recognition-0001-decoder
instance-segmentation-security-1040
efficientnet-b0
mask_rcnn_inception_resnet_v2_atrous_coco
mask_rcnn_resnet50_atrous_coco
resnest-50-pytorch
instance-segmentation-security-0002
person-detection-retail-0013
person-vehicle-bike-detection-crossroad-0078
single-human-pose-estimation-0001
emotions-recognition-retail-0003	
ssdlite_mobilenet_v2
vehicle-license-plate-detection-barrier-0106
license-plate-recognition-barrier-0007
vehicle-detection-adas-0002
